<?xml version='1.0'?>
<ns2:test-suite xmlns:ns2='urn:model.allure.qatools.yandex.ru' start='1658782817246' stop='1658782820173'>
    <name>webdriver.io page</name>
    <title>webdriver.io page</title>
    <test-cases>
        <test-case start='1658782817247' status='failed' stop='1658782820172'>
            <name>should have the right title</name>
            <title>should have the right title</title>
            <labels>
                <label name='language' value='javascript'/>
                <label name='framework' value='wdio'/>
                <label name='thread' value='0-0'/>
            </labels>
            <parameters>
                <parameter kind='argument' name='browser' value='chrome-103.0.5060.134'/>
            </parameters>
            <steps>
                <step start='1658782817250' status='passed' stop='1658782819926'>
                    <name>POST /session/:sessionId/url</name>
                    <title>POST /session/:sessionId/url</title>
                    <attachments>
                        <attachment title='Request' source='c3c22273-6108-41ef-8eed-14ac3e0ac9e3-attachment.json' type='application/json' size='36'/>
                    </attachments>
                    <steps/>
                </step>
                <step start='1658782819926' status='passed' stop='1658782819939'>
                    <name>GET /session/:sessionId/title</name>
                    <title>GET /session/:sessionId/title</title>
                    <attachments>
                        <attachment title='Response' source='031bce52-657d-432b-a805-9821d1c6bed7-attachment.json' type='application/json' size='95'/>
                    </attachments>
                    <steps/>
                </step>
                <step start='1658782819942' status='passed' stop='1658782820166'>
                    <name>GET /session/:sessionId/screenshot</name>
                    <title>GET /session/:sessionId/screenshot</title>
                    <attachments>
                        <attachment title='Screenshot' source='7889956c-14cf-4fc1-aa08-9fa2cd1b41ec-attachment.png' type='image/png' size='63520'/>
                    </attachments>
                    <steps/>
                </step>
            </steps>
            <attachments/>
            <failure>
                <message>Expected values to be strictly equal:
                + actual - expected
                
                + 'WebdriverIO · Next-gen browser and mobile automation test framework for Node.js | WebdriverIO'
                - 'WebdriverIOO · Next-gen browser and mobile automation test framework for Node.js | WebdriverIO'      
                      actual expected
                      
                      'WebdriverIOWebdriverIOO · Next-gen browser and mobile automation test framework for Node.js | WebdriverIO'
                      </message>
                <stack-trace>AssertionError [ERR_ASSERTION]: Expected values to be strictly equal:
                + actual - expected
                
                + 'WebdriverIO · Next-gen browser and mobile automation test framework for Node.js | WebdriverIO'
                - 'WebdriverIOO · Next-gen browser and mobile automation test framework for Node.js | WebdriverIO'
                    at Context.&lt;anonymous> (C:\Users\GRIM\Desktop\QA\WDIO\allure\test\specs\test.js:13:12)
                    at processTicksAndRejections (node:internal/process/task_queues:96:5)</stack-trace>
            </failure>
        </test-case>
    </test-cases>
</ns2:test-suite>